<?xml version="1.0" encoding="UTF-8"?>
<!-- Generated by org.testng.reporters.JUnitReportReporter -->
<testsuite hostname="Nazmuls-MacBook-Pro.local" failures="0" tests="1" name="EndToEndSeleniumAutomation.AppTest" time="0.002" errors="0" timestamp="2022-06-11T07:35:18 GMT-04:00" skipped="0">
  <testcase classname="EndToEndSeleniumAutomation.AppTest" name="shouldAnswerWithTrue" time="0.002"/>
  <system-out/>
</testsuite> <!-- EndToEndSeleniumAutomation.AppTest -->
