<?xml version="1.0" encoding="UTF-8"?>
<!-- Generated by org.testng.reporters.JUnitReportReporter -->
<testsuite hostname="Nazmuls-MacBook-Pro.local" failures="0" tests="1" name="EndToEndSeleniumAutomation.TestCases_Class" time="23.397" errors="0" timestamp="2022-07-19T14:41:15 GMT-04:00" skipped="0">
  <testcase classname="EndToEndSeleniumAutomation.TestCases_Class" name="homePageAmazon_01" time="23.397"/>
  <system-out/>
</testsuite> <!-- EndToEndSeleniumAutomation.TestCases_Class -->
