<?xml version="1.0" encoding="UTF-8"?>
<!-- Generated by org.testng.reporters.JUnitReportReporter -->
<testsuite hostname="Nazmuls-MacBook-Pro.local" failures="0" tests="1" name="EndToEndSeleniumAutomation.TestCases_For_Home_Page_Validation" time="0.079" errors="0" timestamp="2022-07-19T14:41:15 GMT-04:00" skipped="0">
  <testcase classname="EndToEndSeleniumAutomation.TestCases_For_Home_Page_Validation" name="home_Bar_And_Title_Validate" time="0.079"/>
  <system-out/>
</testsuite> <!-- EndToEndSeleniumAutomation.TestCases_For_Home_Page_Validation -->
